<?xml version="1.0" encoding="UTF-8"?>
<!-- Generated by org.testng.reporters.JUnitReportReporter -->
<testsuite hostname="Manjusha" failures="0" tests="2" name="com.amazon.testCases.AmazonPageVerifyTest" time="24.369" errors="0" timestamp="2024-11-16T12:57:45 IST" skipped="0">
  <testcase classname="com.amazon.testCases.AmazonPageVerifyTest" name="navigateToRegionUpdatePageAndVerify" time="19.214"/>
  <system-out/>
  <testcase classname="com.amazon.testCases.AmazonPageVerifyTest" name="verifyLogo" time="5.155"/>
  <system-out/>
</testsuite> <!-- com.amazon.testCases.AmazonPageVerifyTest -->
