<?xml version="1.0" encoding="UTF-8"?>
<!-- Generated by org.testng.reporters.JUnitReportReporter -->
<testsuite hostname="Manjusha" failures="0" tests="2" name="com.amazon.testCases.RegionUpdateTests" time="12.579" errors="0" timestamp="2024-11-16T18:40:39 IST" skipped="0">
  <testcase classname="com.amazon.testCases.RegionUpdateTests" name="verifyGoToWebsite" time="6.652"/>
  <system-out/>
  <testcase classname="com.amazon.testCases.RegionUpdateTests" name="goToWebsite" time="5.927"/>
  <system-out/>
</testsuite> <!-- com.amazon.testCases.RegionUpdateTests -->
